    Starting Performing "debug" build using ldc2 for aarch64, arm_hardfloat.
    Building builder 1.0.5+commit.136.g21f15c9: building configuration [default]
Generated analyzers for 28LU languages at compile-time
source/infrastructure/utils/serialization/core/codec.d(259,13): Error: static assert:  "Cannot serialize type: const(SerializableExpr)*"
            static assert(0, "Cannot serialize type: " ~ T.stringof);
            ^
source/infrastructure/utils/serialization/core/codec.d(116,31):        instantiated from here: `serializeValue!(const(SerializableExpr)*)`
                serializeValue(writer, __traits(getMember, value, __traits(identifier, field)));
                              ^
source/infrastructure/utils/serialization/core/codec.d(240,32):        instantiated from here: `serializeFields!(SerializableExpr)`
                serializeFields(writer, value);
                               ^
source/infrastructure/utils/serialization/core/codec.d(116,31):        instantiated from here: `serializeValue!(SerializableExpr)`
                serializeValue(writer, __traits(getMember, value, __traits(identifier, field)));
                              ^
source/infrastructure/utils/serialization/core/codec.d(240,32):        ... (6 instantiations, -v to show) ...
                serializeFields(writer, value);
                               ^
source/infrastructure/utils/serialization/core/codec.d(31,24):        instantiated from here: `serializeFields!(SerializableBuildFile)`
        serializeFields(writer, value);
                       ^
source/infrastructure/config/caching/storage.d(38,31):        instantiated from here: `serialize!(SerializableBuildFile)`
        return Codec.serialize(mutable);
                              ^
Error ldc2 failed with exit code 1.
